<?xml version="1.0" encoding="UTF-8"?>
<testng-results skipped="0" failed="0" ignored="0" total="1" passed="1">
  <reporter-output>
  </reporter-output>
  <suite name="Default suite" duration-ms="8417" started-at="2022-01-23T18:15:02Z" finished-at="2022-01-23T18:15:11Z">
    <groups>
    </groups>
    <test name="Default test" duration-ms="8417" started-at="2022-01-23T18:15:02Z" finished-at="2022-01-23T18:15:11Z">
      <class name="Academy.base">
        <test-method status="PASS" signature="initializeDriver()[pri:0, instance:Academy.base@490ab905]" name="initializeDriver" duration-ms="8361" started-at="2022-01-23T18:15:02Z" finished-at="2022-01-23T18:15:11Z">
          <reporter-output>
          </reporter-output>
        </test-method> <!-- initializeDriver -->
      </class> <!-- Academy.base -->
    </test> <!-- Default test -->
  </suite> <!-- Default suite -->
</testng-results>
